  TCPServer.cpp
C:\Users\ADMIN\Documents\GitHub\Tcp-ip-WordChain\서버\TCPServer.cpp(88,9): warning C4996: 'strcpy': This function or variable may be unsafe. Consider using strcpy_s instead. To disable deprecation, use _CRT_SECURE_NO_WARNINGS. See online help for details.
C:\Users\ADMIN\Documents\GitHub\Tcp-ip-WordChain\서버\TCPServer.cpp(109,13): warning C4996: 'strcpy': This function or variable may be unsafe. Consider using strcpy_s instead. To disable deprecation, use _CRT_SECURE_NO_WARNINGS. See online help for details.
C:\Users\ADMIN\Documents\GitHub\Tcp-ip-WordChain\서버\TCPServer.cpp(94,20): warning C4996: 'strtok': This function or variable may be unsafe. Consider using strtok_s instead. To disable deprecation, use _CRT_SECURE_NO_WARNINGS. See online help for details.
C:\Users\ADMIN\Documents\GitHub\Tcp-ip-WordChain\서버\TCPServer.cpp(96,16): warning C4996: 'strtok': This function or variable may be unsafe. Consider using strtok_s instead. To disable deprecation, use _CRT_SECURE_NO_WARNINGS. See online help for details.
C:\Users\ADMIN\Documents\GitHub\Tcp-ip-WordChain\서버\TCPServer.cpp(101,13): warning C4996: 'sprintf': This function or variable may be unsafe. Consider using sprintf_s instead. To disable deprecation, use _CRT_SECURE_NO_WARNINGS. See online help for details.
C:\Users\ADMIN\Documents\GitHub\Tcp-ip-WordChain\서버\TCPServer.cpp(112,19): warning C4996: 'strtok': This function or variable may be unsafe. Consider using strtok_s instead. To disable deprecation, use _CRT_SECURE_NO_WARNINGS. See online help for details.
C:\Users\ADMIN\Documents\GitHub\Tcp-ip-WordChain\서버\TCPServer.cpp(114,19): warning C4996: 'strtok': This function or variable may be unsafe. Consider using strtok_s instead. To disable deprecation, use _CRT_SECURE_NO_WARNINGS. See online help for details.
C:\Users\ADMIN\Documents\GitHub\Tcp-ip-WordChain\서버\TCPServer.cpp(121,17): warning C4996: 'sprintf': This function or variable may be unsafe. Consider using sprintf_s instead. To disable deprecation, use _CRT_SECURE_NO_WARNINGS. See online help for details.
C:\Users\ADMIN\Documents\GitHub\Tcp-ip-WordChain\서버\TCPServer.cpp(134,25): warning C4996: 'sprintf': This function or variable may be unsafe. Consider using sprintf_s instead. To disable deprecation, use _CRT_SECURE_NO_WARNINGS. See online help for details.
C:\Users\ADMIN\Documents\GitHub\Tcp-ip-WordChain\서버\TCPServer.cpp(164,29): warning C4996: 'sprintf': This function or variable may be unsafe. Consider using sprintf_s instead. To disable deprecation, use _CRT_SECURE_NO_WARNINGS. See online help for details.
C:\Users\ADMIN\Documents\GitHub\Tcp-ip-WordChain\서버\TCPServer.cpp(174,25): warning C4996: 'sprintf': This function or variable may be unsafe. Consider using sprintf_s instead. To disable deprecation, use _CRT_SECURE_NO_WARNINGS. See online help for details.
C:\Users\ADMIN\Documents\GitHub\Tcp-ip-WordChain\서버\TCPServer.cpp(191,17): warning C4996: 'sprintf': This function or variable may be unsafe. Consider using sprintf_s instead. To disable deprecation, use _CRT_SECURE_NO_WARNINGS. See online help for details.
C:\Users\ADMIN\Documents\GitHub\Tcp-ip-WordChain\서버\TCPServer.cpp(147,36): warning C4101: 'gameSocks' :참조되지 않은 지역 변수입니다.
C:\Users\ADMIN\Documents\GitHub\Tcp-ip-WordChain\서버\TCPServer.cpp(180,32): warning C4101: 'gameSocks' :참조되지 않은 지역 변수입니다.
C:\Users\ADMIN\Documents\GitHub\Tcp-ip-WordChain\서버\TCPServer.cpp(197,24): warning C4101: 'gameSocks' :참조되지 않은 지역 변수입니다.
C:\Users\ADMIN\Documents\GitHub\Tcp-ip-WordChain\서버\TCPServer.cpp(240,12): warning C4996: 'strcpy': This function or variable may be unsafe. Consider using strcpy_s instead. To disable deprecation, use _CRT_SECURE_NO_WARNINGS. See online help for details.
  코드를 생성하고 있습니다.
  1 of 13 functions ( 7.7%) were compiled, the rest were copied from previous compilation.
    0 functions were new in current compilation
    1 functions had inline decision re-evaluated but remain unchanged
  코드를 생성했습니다.
  TCPServer.vcxproj -> C:\Users\ADMIN\Documents\GitHub\Tcp-ip-WordChain\서버\Release\TCPServer.exe
