c:\users\admin\google 드라이브\univ\3-2\인터넷프로그래밍\source(신버전;vc2015~)\chapter04\tcpserver\debug\vc142.pdb
c:\users\admin\google 드라이브\univ\3-2\인터넷프로그래밍\source(신버전;vc2015~)\chapter04\tcpserver\debug\vc142.idb
c:\users\admin\google 드라이브\univ\3-2\인터넷프로그래밍\source(신버전;vc2015~)\chapter04\tcpserver\debug\tcpserver.obj
c:\users\admin\google 드라이브\univ\3-2\인터넷프로그래밍\source(신버전;vc2015~)\chapter06\threadtcpserver실습\debug\vc142.pdb
c:\users\admin\google 드라이브\univ\3-2\인터넷프로그래밍\source(신버전;vc2015~)\chapter06\threadtcpserver실습\debug\vc142.idb
c:\users\admin\google 드라이브\univ\3-2\인터넷프로그래밍\source(신버전;vc2015~)\chapter06\threadtcpserver실습\debug\tcpserver.obj
c:\users\admin\google 드라이브\univ\3-2\인터넷프로그래밍\source(신버전;vc2015~)\chapter04\tcpserver\debug\tcpserver.exe
c:\users\admin\google 드라이브\univ\3-2\인터넷프로그래밍\source(신버전;vc2015~)\chapter04\tcpserver\debug\tcpserver.ilk
c:\users\admin\google 드라이브\univ\3-2\인터넷프로그래밍\source(신버전;vc2015~)\chapter04\tcpserver\debug\tcpserver.pdb
c:\users\admin\google 드라이브\univ\3-2\인터넷프로그래밍\source(신버전;vc2015~)\chapter06\threadtcpserver실습\debug\tcpserver.pdb
c:\users\admin\google 드라이브\univ\3-2\인터넷프로그래밍\source(신버전
c:\users\admin\google 드라이브\univ\3-2\인터넷프로그래밍\source(신버전;vc2015~)\chapter06\threadtcpserver실습\debug\tcpserver.tlog\cl.command.1.tlog
c:\users\admin\google 드라이브\univ\3-2\인터넷프로그래밍\source(신버전;vc2015~)\chapter06\threadtcpserver실습\debug\tcpserver.tlog\cl.read.1.tlog
c:\users\admin\google 드라이브\univ\3-2\인터넷프로그래밍\source(신버전;vc2015~)\chapter06\threadtcpserver실습\debug\tcpserver.tlog\cl.write.1.tlog
c:\users\admin\google 드라이브\univ\3-2\인터넷프로그래밍\source(신버전;vc2015~)\chapter06\threadtcpserver실습\debug\tcpserver.tlog\link-cvtres.read.1.tlog
c:\users\admin\google 드라이브\univ\3-2\인터넷프로그래밍\source(신버전;vc2015~)\chapter06\threadtcpserver실습\debug\tcpserver.tlog\link-cvtres.write.1.tlog
c:\users\admin\google 드라이브\univ\3-2\인터넷프로그래밍\source(신버전;vc2015~)\chapter06\threadtcpserver실습\debug\tcpserver.tlog\link-rc.read.1.tlog
c:\users\admin\google 드라이브\univ\3-2\인터넷프로그래밍\source(신버전;vc2015~)\chapter06\threadtcpserver실습\debug\tcpserver.tlog\link-rc.write.1.tlog
c:\users\admin\google 드라이브\univ\3-2\인터넷프로그래밍\source(신버전;vc2015~)\chapter06\threadtcpserver실습\debug\tcpserver.tlog\link.command.1.tlog
c:\users\admin\google 드라이브\univ\3-2\인터넷프로그래밍\source(신버전;vc2015~)\chapter06\threadtcpserver실습\debug\tcpserver.tlog\link.read.1.tlog
c:\users\admin\google 드라이브\univ\3-2\인터넷프로그래밍\source(신버전;vc2015~)\chapter06\threadtcpserver실습\debug\tcpserver.tlog\link.write.1.tlog
